12/12/15 19:12:23,54.05,44.9375,55.0625,55.0625,0.0,0.0,
12/12/15 19:12:31,54.05,44.375,55.175,55.175,0.0,0.0,
12/12/15 19:13:03,54.05,42.2375,55.175,55.175,0.0,0.0,
12/12/15 19:13:11,54.05,41.675,55.175,55.175,0.0,0.0,
12/12/15 19:13:19,53.9375,41.225,55.2875,55.175,0.0,0.0,
12/12/15 19:13:27,53.9375,40.8875,55.175,55.175,0.0,0.0,
12/12/15 19:13:35,53.9375,40.4375,55.2875,55.175,0.0,0.0,
12/12/15 19:13:43,53.9375,40.1,55.175,55.175,0.0,0.0,
12/12/15 19:13:51,54.05,39.7625,55.175,55.175,0.0,0.0,
12/12/15 19:13:59,54.05,39.3125,55.175,55.175,0.0,0.0,
12/12/15 19:14:07,53.9375,38.975,55.175,55.175,0.0,0.0,
12/12/15 19:14:15,53.9375,38.6375,55.175,55.175,0.0,0.0,
12/12/15 19:14:23,54.05,38.3,55.175,55.0625,0.0,0.0,
12/12/15 19:14:47,54.05,37.175,55.0625,54.95,0.0,0.0,
12/12/15 19:14:55,54.05,36.8375,55.0625,54.95,0.0,0.0,
12/12/15 19:15:11,53.9375,36.275,54.95,54.95,0.0,0.0,
12/12/15 19:15:19,53.9375,35.9375,54.95,54.95,0.0,0.0,
12/12/15 19:15:27,53.9375,35.6,54.95,54.8375,0.0,0.0,
12/12/15 19:15:35,54.05,35.2625,54.8375,54.8375,0.0,0.0,
12/12/15 19:15:43,54.05,34.925,54.8375,54.8375,0.0,0.0,
12/12/15 19:15:51,54.05,34.7,54.8375,54.725,0.0,0.0,
12/12/15 19:15:59,54.05,34.3625,54.8375,54.725,0.0,0.0,
12/12/15 19:16:15,54.05,33.8,54.8375,54.8375,0.0,0.0,
12/12/15 19:16:23,54.275,33.4625,55.175,55.0625,0.0,0.0,
12/12/15 19:16:31,54.5,33.2375,55.4,55.4,0.0,0.0,
12/12/15 19:16:39,54.6125,33.0125,55.7375,55.625,0.0,0.0,
12/12/15 19:16:47,54.725,32.675,55.9625,55.85,0.0,0.0,
12/12/15 19:16:55,54.8375,32.45,56.075,55.9625,0.0,0.0,
12/12/15 19:17:03,54.725,32.225,56.1875,56.075,0.0,0.0,
12/12/15 19:17:11,54.725,0.0,56.1875,56.075,0.0,0.0,
12/12/15 19:17:27,54.725,31.4375,56.075,55.9625,0.0,0.0,
12/12/15 19:17:34,54.725,31.2125,56.075,55.9625,0.0,0.0,
12/12/15 19:17:50,54.6125,32.45,55.9625,55.7375,0.0,0.0,
12/12/15 19:17:58,54.6125,41.7875,55.85,55.7375,0.0,0.0,
12/12/15 19:18:06,54.5,55.175,55.85,55.7375,0.0,0.0,
12/12/15 19:18:14,54.5,54.1625,55.85,55.7375,0.0,0.0,
12/12/15 19:18:22,54.5,51.0125,55.85,55.7375,0.0,0.0,
12/12/15 19:18:30,54.5,47.975,55.7375,55.625,0.0,0.0,
12/12/15 19:18:38,54.5,45.275,55.7375,55.625,0.0,0.0,
12/12/15 19:18:46,54.3875,42.8,55.7375,55.625,0.0,0.0,
12/12/15 19:18:54,54.3875,40.6625,55.625,55.625,0.0,0.0,
12/12/15 19:19:02,54.3875,38.975,55.625,55.5125,0.0,0.0,
12/12/15 19:19:10,54.3875,37.5125,55.625,55.4,0.0,0.0,
12/12/15 19:19:18,54.3875,36.3875,55.5125,55.4,0.0,0.0,
12/12/15 19:19:26,54.3875,35.375,55.5125,55.2875,0.0,0.0,
12/12/15 19:19:34,54.3875,34.475,55.4,55.2875,0.0,0.0,
12/12/15 19:19:42,54.3875,33.6875,55.2875,55.175,0.0,0.0,
12/12/15 19:19:50,54.3875,33.125,55.2875,55.175,0.0,0.0,
12/12/15 19:19:58,54.3875,33.6875,55.2875,55.0625,0.0,0.0,
12/12/15 19:20:06,54.275,34.925,55.175,55.0625,0.0,0.0,
12/12/15 19:20:14,54.275,35.6,55.175,55.0625,0.0,0.0,
12/12/15 19:20:22,54.275,36.05,55.0625,55.0625,0.0,0.0,
12/12/15 19:20:30,54.275,36.3875,55.0625,55.0625,0.0,0.0,
12/12/15 19:20:38,54.275,36.6125,55.0625,55.0625,0.0,0.0,
12/12/15 19:20:46,54.275,36.725,55.175,55.0625,0.0,0.0,
12/12/15 19:21:02,54.275,36.95,55.175,55.0625,0.0,0.0,
12/12/15 19:21:10,54.275,36.95,55.0625,55.175,0.0,0.0,
12/12/15 19:21:18,54.275,37.0625,55.0625,55.0625,0.0,0.0,
12/12/15 19:21:26,54.275,37.0625,55.175,55.0625,0.0,0.0,
12/12/15 19:21:34,54.275,37.175,55.175,55.175,0.0,0.0,
12/12/15 19:21:42,54.275,37.175,55.175,55.175,0.0,0.0,
12/12/15 19:21:50,54.275,37.175,55.175,55.175,0.0,0.0,
12/12/15 19:21:58,54.1625,37.2875,55.175,55.175,0.0,0.0,
12/12/15 19:22:06,54.1625,37.2875,55.175,55.175,0.0,0.0,
12/12/15 19:22:14,54.275,37.4,55.175,55.175,0.0,0.0,
12/12/15 19:22:22,54.1625,37.4,55.175,55.175,0.0,0.0,
12/12/15 19:22:30,54.1625,37.5125,55.2875,55.175,0.0,0.0,
12/12/15 19:22:38,54.275,37.5125,55.175,55.175,0.0,0.0,
12/12/15 19:22:46,54.1625,37.5125,55.175,55.175,0.0,0.0,
12/12/15 19:22:54,54.1625,37.625,55.175,55.175,0.0,0.0,
12/12/15 19:23:02,54.1625,37.625,55.175,55.175,0.0,0.0,
12/12/15 19:23:09,54.1625,37.7375,55.175,55.175,0.0,0.0,
12/12/15 19:23:17,54.1625,37.7375,55.175,55.175,0.0,0.0,
12/12/15 19:23:25,54.1625,37.7375,55.175,55.175,0.0,0.0,
12/12/15 19:23:33,54.1625,37.85,55.175,55.2875,0.0,0.0,
12/12/15 19:23:41,54.1625,37.85,55.175,55.175,0.0,0.0,
12/12/15 19:23:49,54.1625,37.9625,55.175,55.175,0.0,0.0,
12/12/15 19:23:57,54.1625,37.9625,55.175,55.175,0.0,0.0,
12/12/15 19:24:05,54.275,38.075,55.175,55.175,0.0,0.0,
12/12/15 19:24:13,54.1625,38.075,55.175,55.175,0.0,0.0,
12/12/15 19:24:21,54.1625,38.1875,55.175,55.175,0.0,0.0,
12/12/15 19:24:29,54.1625,38.6375,55.175,55.175,0.0,0.0,
12/12/15 19:24:37,54.1625,39.3125,55.175,55.2875,0.0,0.0,
12/12/15 19:24:45,54.1625,39.5375,55.175,55.175,0.0,0.0,
12/12/15 19:24:53,54.275,39.65,55.175,55.2875,0.0,0.0,
12/12/15 19:25:01,54.1625,39.7625,55.175,55.2875,0.0,0.0,
12/12/15 19:25:09,54.1625,39.7625,55.175,55.2875,0.0,0.0,
12/12/15 19:25:17,54.275,39.7625,55.175,55.2875,0.0,0.0,
12/12/15 19:25:25,54.275,39.7625,55.175,55.2875,0.0,0.0,
12/12/15 19:25:33,54.275,39.7625,55.175,55.2875,0.0,0.0,
12/12/15 19:25:41,54.275,39.7625,55.175,55.2875,0.0,0.0,
12/12/15 19:25:49,54.275,39.7625,55.175,55.2875,0.0,0.0,
12/12/15 19:25:57,54.275,39.7625,55.175,55.2875,0.0,0.0,
12/12/15 19:26:05,54.275,39.7625,55.175,55.2875,0.0,0.0,
12/12/15 19:26:13,54.275,39.7625,55.175,55.2875,0.0,0.0,
12/12/15 19:26:21,54.275,39.65,55.175,55.2875,0.0,0.0,
12/12/15 19:26:29,54.275,39.7625,55.175,55.2875,0.0,0.0,
12/12/15 19:26:37,54.275,39.65,55.175,55.2875,0.0,0.0,
12/12/15 19:26:45,54.275,39.65,55.175,55.2875,0.0,0.0,
12/12/15 19:26:53,54.275,39.65,55.175,55.2875,0.0,0.0,
12/12/15 19:27:01,54.275,39.7625,55.175,55.2875,0.0,0.0,
12/12/15 19:27:09,54.275,39.65,55.175,55.2875,0.0,0.0,
12/12/15 19:27:17,54.275,39.65,55.175,55.2875,0.0,0.0,
12/12/15 19:27:25,54.275,39.7625,55.175,55.2875,0.0,0.0,
12/12/15 19:27:33,54.275,39.7625,55.175,55.2875,0.0,0.0,
12/12/15 19:27:41,54.275,39.7625,55.175,55.2875,0.0,0.0,
12/12/15 19:27:49,54.275,39.7625,55.175,55.2875,0.0,0.0,
12/12/15 19:27:57,54.275,39.7625,55.175,55.2875,0.0,0.0,
12/12/15 19:28:05,54.275,39.7625,55.175,55.2875,0.0,0.0,
12/12/15 19:28:13,54.275,39.875,55.175,55.2875,0.0,0.0,
12/12/15 19:28:21,54.275,39.875,55.175,55.2875,0.0,0.0,
12/12/15 19:28:29,54.275,39.875,55.2875,55.2875,0.0,0.0,
12/12/15 19:28:37,54.275,39.875,55.175,55.2875,0.0,0.0,
12/12/15 19:28:44,54.275,39.9875,55.175,55.2875,0.0,0.0,
12/12/15 19:28:52,54.275,39.9875,55.175,55.2875,0.0,0.0,
12/12/15 19:29:00,54.275,39.9875,55.175,55.2875,0.0,0.0,
12/12/15 19:29:08,54.275,39.9875,55.175,55.2875,0.0,0.0,
12/12/15 19:29:16,54.275,39.9875,55.175,55.2875,0.0,0.0,
12/12/15 19:29:24,54.275,40.1,55.175,55.2875,0.0,0.0,
12/12/15 19:29:33,54.275,40.1,55.175,55.2875,0.0,0.0,
12/12/15 19:29:40,54.275,40.1,55.175,55.2875,0.0,0.0,
12/12/15 19:29:48,54.275,40.2125,55.175,55.2875,0.0,0.0,
12/12/15 19:29:56,54.275,40.2125,55.175,55.2875,0.0,0.0,
12/12/15 19:30:04,54.275,40.2125,55.175,55.2875,0.0,0.0,
12/12/15 19:30:12,54.275,40.2125,55.175,55.2875,0.0,0.0,
12/12/15 19:30:20,54.275,40.2125,55.175,55.2875,0.0,0.0,
12/12/15 19:30:28,54.3875,40.325,55.175,55.2875,0.0,0.0,
12/12/15 19:30:36,54.3875,40.325,55.175,55.2875,0.0,0.0,
12/12/15 19:30:44,54.275,40.325,55.175,55.2875,0.0,0.0,
12/12/15 19:30:52,54.275,40.325,55.175,55.2875,0.0,0.0,
12/12/15 19:31:00,54.3875,40.4375,55.175,55.2875,0.0,0.0,
12/12/15 19:31:08,54.3875,40.4375,55.175,55.2875,0.0,0.0,
12/12/15 19:31:16,54.3875,40.4375,55.175,55.2875,0.0,0.0,
12/12/15 19:31:24,54.3875,40.55,55.175,55.2875,0.0,0.0,
12/12/15 19:31:32,54.3875,40.55,55.175,55.2875,0.0,0.0,
12/12/15 19:31:40,54.3875,40.55,55.175,55.2875,0.0,0.0,
12/12/15 19:31:48,54.3875,40.6625,55.175,55.2875,0.0,0.0,
12/12/15 19:31:56,54.3875,40.6625,55.175,55.2875,0.0,0.0,
12/12/15 19:32:04,54.3875,40.6625,55.175,55.2875,0.0,0.0,
12/12/15 19:32:12,54.3875,40.6625,55.175,55.2875,0.0,0.0,
12/12/15 19:32:20,54.3875,40.775,55.175,55.2875,0.0,0.0,
12/12/15 19:32:28,54.3875,40.775,55.175,55.2875,0.0,0.0,
12/12/15 19:32:36,54.3875,40.775,55.175,55.2875,0.0,0.0,
12/12/15 19:32:44,54.3875,40.8875,55.175,55.2875,0.0,0.0,
12/12/15 19:32:52,54.3875,40.8875,55.175,55.2875,0.0,0.0,
12/12/15 19:33:00,54.3875,40.8875,55.175,55.2875,0.0,0.0,
12/12/15 19:33:08,54.3875,40.8875,55.175,55.2875,0.0,0.0,
12/12/15 19:33:16,54.3875,41.0,55.175,55.2875,0.0,0.0,
12/12/15 19:33:24,54.3875,41.0,55.0625,55.2875,0.0,0.0,
12/12/15 19:33:32,54.3875,41.1125,55.175,55.2875,0.0,0.0,
12/12/15 19:33:40,54.3875,41.675,55.2875,55.4,0.0,0.0,
12/12/15 19:33:47,54.6125,42.0125,55.5125,55.625,0.0,0.0,
12/12/15 19:33:55,54.725,42.2375,55.625,55.625,0.0,0.0,
12/12/15 19:34:03,54.8375,42.35,55.7375,55.7375,0.0,0.0,
12/12/15 19:34:11,54.95,42.4625,55.85,55.7375,0.0,0.0,
12/12/15 19:34:19,54.95,42.4625,55.85,55.7375,0.0,0.0,
12/12/15 19:34:27,54.95,42.4625,55.7375,55.85,0.0,0.0,
12/12/15 19:34:35,54.95,42.4625,55.7375,55.85,0.0,0.0,
12/12/15 19:34:43,54.8375,42.4625,55.7375,55.7375,0.0,0.0,
12/12/15 19:34:51,54.8375,42.4625,55.7375,55.85,0.0,0.0,
12/12/15 19:34:59,54.8375,42.4625,55.7375,55.85,0.0,0.0,
12/12/15 19:35:07,54.8375,42.35,55.7375,55.7375,0.0,0.0,
12/12/15 19:35:15,54.8375,42.35,55.625,55.7375,0.0,0.0,
12/12/15 19:35:23,54.725,42.35,55.7375,55.7375,0.0,0.0,
12/12/15 19:35:31,54.725,42.4625,55.625,55.7375,0.0,0.0,
12/12/15 19:35:39,54.725,42.35,55.625,55.7375,0.0,0.0,
12/12/15 19:35:47,54.725,42.35,55.625,55.7375,0.0,0.0,
12/12/15 19:36:03,54.725,42.35,55.625,55.7375,0.0,0.0,
12/12/15 19:36:11,54.725,42.4625,55.625,55.7375,0.0,0.0,
12/12/15 19:36:19,54.725,42.35,55.5125,55.7375,0.0,0.0,
12/12/15 19:36:27,54.6125,42.35,55.5125,55.625,0.0,0.0,
12/12/15 19:36:35,54.725,42.4625,55.5125,55.625,0.0,0.0,
12/12/15 19:36:43,54.725,42.4625,55.5125,55.625,0.0,0.0,
12/12/15 19:36:51,54.725,42.4625,55.5125,55.625,0.0,0.0,
12/12/15 19:36:59,54.6125,42.4625,55.5125,55.625,0.0,0.0,
12/12/15 19:37:07,54.725,42.4625,55.5125,55.625,0.0,0.0,
12/12/15 19:37:15,54.6125,42.4625,55.5125,55.625,0.0,0.0,
12/12/15 19:37:23,54.725,42.4625,55.5125,55.625,0.0,0.0,
12/12/15 19:37:31,54.6125,42.575,55.5125,55.5125,0.0,0.0,
12/12/15 19:37:39,54.6125,42.575,55.5125,55.5125,0.0,0.0,
12/12/15 19:37:47,54.6125,42.575,55.4,55.625,0.0,0.0,
12/12/15 19:37:55,54.725,42.575,55.4,55.5125,0.0,0.0,
12/12/15 19:38:03,54.725,42.4625,55.4,55.5125,0.0,0.0,
12/12/15 19:38:11,54.725,42.0125,55.4,55.5125,0.0,0.0,
12/12/15 19:38:19,54.8375,41.3375,55.4,55.625,0.0,0.0,
12/12/15 19:38:27,54.95,40.775,55.4,55.5125,0.0,0.0,
12/12/15 19:38:35,54.95,40.2125,55.4,55.5125,0.0,0.0,
12/12/15 19:38:43,55.0625,39.5375,55.5125,55.625,0.0,0.0,
12/12/15 19:38:51,55.0625,38.975,55.4,55.625,0.0,0.0,
12/12/15 19:38:59,55.0625,38.3,55.5125,55.625,0.0,0.0,
12/12/15 19:39:07,55.175,37.7375,55.5125,55.625,0.0,0.0,
12/12/15 19:39:14,55.175,37.175,55.625,55.7375,0.0,0.0,
12/12/15 19:39:22,55.175,36.725,55.625,55.7375,0.0,0.0,
12/12/15 19:39:30,55.175,36.275,55.7375,55.85,0.0,0.0,
12/12/15 19:39:38,55.175,35.7125,55.7375,55.85,0.0,0.0,
12/12/15 19:39:46,55.175,35.2625,55.7375,55.85,0.0,0.0,
12/12/15 19:39:54,55.175,34.8125,55.85,55.9625,0.0,0.0,
12/12/15 19:40:02,55.2875,34.3625,55.85,55.9625,0.0,0.0,
12/12/15 19:40:10,55.175,33.9125,55.85,56.075,0.0,0.0,
12/12/15 19:40:18,55.175,33.9125,55.9625,55.9625,0.0,0.0,
12/12/15 19:40:26,55.175,34.025,55.9625,55.9625,0.0,0.0,
12/12/15 19:40:34,55.175,34.25,55.9625,56.075,0.0,0.0,
12/12/15 19:40:42,55.0625,34.475,55.9625,56.075,0.0,0.0,
12/12/15 19:40:50,55.0625,34.8125,55.9625,55.9625,0.0,0.0,
12/12/15 19:40:58,55.0625,35.0375,55.85,55.9625,0.0,0.0,
12/12/15 19:41:06,55.0625,35.2625,55.85,55.9625,0.0,0.0,
12/12/15 19:41:14,54.95,35.4875,55.85,55.9625,0.0,0.0,
12/12/15 19:41:22,54.95,35.7125,55.7375,55.9625,0.0,0.0,
12/12/15 19:41:30,54.95,35.9375,55.7375,55.9625,0.0,0.0,
12/12/15 19:41:38,54.95,36.1625,55.7375,55.85,0.0,0.0,
12/12/15 19:41:46,54.95,36.3875,55.7375,55.85,0.0,0.0,
12/12/15 19:41:54,54.95,36.5,55.7375,55.85,0.0,0.0,
12/12/15 19:42:02,54.95,36.6125,55.7375,55.7375,0.0,0.0,
12/12/15 19:42:10,54.95,36.8375,55.625,55.7375,0.0,0.0,
12/12/15 19:42:18,54.95,36.95,55.625,55.7375,0.0,0.0,
12/12/15 19:42:26,54.95,37.175,55.625,55.7375,0.0,0.0,
12/12/15 19:42:34,54.8375,37.2875,55.625,55.625,0.0,0.0,
12/12/15 19:42:42,54.8375,37.4,55.625,55.625,0.0,0.0,
12/12/15 19:42:50,54.8375,37.5125,55.5125,55.625,0.0,0.0,
12/12/15 19:42:58,54.95,37.625,55.5125,55.625,0.0,0.0,
12/12/15 19:43:06,54.8375,37.7375,55.5125,55.625,0.0,0.0,
12/12/15 19:43:14,54.8375,37.85,55.5125,55.625,0.0,0.0,
12/12/15 19:43:22,54.95,37.9625,55.5125,55.625,0.0,0.0,
12/12/15 19:43:30,54.8375,38.075,55.4,55.625,0.0,0.0,
12/12/15 19:43:38,54.8375,38.1875,55.4,55.5125,0.0,0.0,
12/12/15 19:43:46,54.95,38.1875,55.4,55.5125,0.0,0.0,
12/12/15 19:43:54,54.8375,38.3,55.4,55.5125,0.0,0.0,
12/12/15 19:44:02,54.8375,38.4125,55.4,55.5125,0.0,0.0,
12/12/15 19:44:10,54.8375,38.525,55.4,55.5125,0.0,0.0,
12/12/15 19:44:18,54.8375,38.6375,55.4,55.5125,0.0,0.0,
12/12/15 19:44:26,54.8375,38.6375,55.2875,55.5125,0.0,0.0,
12/12/15 19:44:34,54.8375,38.75,55.4,55.5125,0.0,0.0,
12/12/15 19:44:42,54.8375,38.75,55.4,55.4,0.0,0.0,
12/12/15 19:44:49,54.8375,38.8625,55.2875,55.4,0.0,0.0,
12/12/15 19:44:57,54.8375,38.8625,55.4,55.5125,0.0,0.0,
12/12/15 19:45:05,54.8375,38.975,55.4,55.4,0.0,0.0,
12/12/15 19:45:13,54.8375,39.0875,55.2875,55.5125,0.0,0.0,
12/12/15 19:45:21,54.8375,39.0875,55.4,55.5125,0.0,0.0,
12/12/15 19:45:29,54.95,39.0875,55.2875,55.4,0.0,0.0,
12/12/15 19:45:37,54.8375,39.2,55.2875,55.4,0.0,0.0,
12/12/15 19:45:45,54.8375,39.2,55.2875,55.5125,0.0,0.0,
12/12/15 19:45:53,54.8375,39.3125,55.2875,55.4,0.0,0.0,
12/12/15 19:46:01,54.8375,39.425,55.2875,55.4,0.0,0.0,
12/12/15 19:46:09,54.8375,39.425,55.2875,55.4,0.0,0.0,
12/12/15 19:46:17,54.8375,39.425,55.2875,55.4,0.0,0.0,
12/12/15 19:46:25,54.8375,39.5375,55.2875,55.4,0.0,0.0,
12/12/15 19:46:33,54.8375,39.65,55.2875,55.4,0.0,0.0,
12/12/15 19:46:41,54.8375,39.65,55.2875,55.4,0.0,0.0,
12/12/15 19:46:49,54.8375,39.7625,55.2875,55.4,0.0,0.0,
12/12/15 19:46:57,54.8375,39.7625,55.2875,55.4,0.0,0.0,
12/12/15 19:47:05,54.95,39.7625,55.2875,55.4,0.0,0.0,
12/12/15 19:47:13,54.8375,39.875,55.2875,55.4,0.0,0.0,
12/12/15 19:47:21,54.95,39.875,55.2875,55.4,0.0,0.0,
12/12/15 19:47:29,54.8375,39.9875,55.2875,55.4,0.0,0.0,
12/12/15 19:47:37,54.8375,39.9875,55.2875,55.4,0.0,0.0,
12/12/15 19:47:45,54.95,40.1,55.2875,55.4,0.0,0.0,
12/12/15 19:47:53,54.8375,40.1,55.2875,55.4,0.0,0.0,
12/12/15 19:48:01,54.8375,40.1,55.2875,55.4,0.0,0.0,
12/12/15 19:48:09,54.8375,40.1,55.2875,55.4,0.0,0.0,
12/12/15 19:48:17,54.95,40.2125,55.2875,55.4,0.0,0.0,
12/12/15 19:48:25,54.95,40.325,55.2875,55.4,0.0,0.0,
12/12/15 19:48:33,54.8375,40.325,55.2875,55.4,0.0,0.0,
12/12/15 19:48:41,54.95,40.325,55.2875,55.4,0.0,0.0,
12/12/15 19:48:49,54.95,40.4375,55.2875,55.4,0.0,0.0,
12/12/15 19:48:57,54.8375,40.4375,55.2875,55.2875,0.0,0.0,
12/12/15 19:49:05,54.8375,40.55,55.2875,55.4,0.0,0.0,
12/12/15 19:49:13,54.95,40.55,55.2875,55.4,0.0,0.0,
12/12/15 19:49:21,54.95,40.55,55.2875,55.2875,0.0,0.0,
12/12/15 19:49:29,54.95,40.6625,55.2875,55.4,0.0,0.0,
12/12/15 19:49:37,54.95,40.6625,55.2875,55.4,0.0,0.0,
12/12/15 19:49:45,54.95,40.775,55.2875,55.4,0.0,0.0,
12/12/15 19:49:53,54.95,40.775,55.2875,55.4,0.0,0.0,
12/12/15 19:50:01,54.95,40.775,55.2875,55.4,0.0,0.0,
12/12/15 19:50:09,54.95,40.8875,55.2875,55.4,0.0,0.0,
12/12/15 19:50:17,54.95,40.8875,55.2875,55.4,0.0,0.0,
12/12/15 19:50:25,54.95,41.0,55.2875,55.4,0.0,0.0,
12/12/15 19:50:33,54.95,41.0,55.2875,55.4,0.0,0.0,
12/12/15 19:50:40,54.95,41.0,55.2875,55.4,0.0,0.0,
12/12/15 19:50:48,54.95,41.1125,55.2875,55.4,0.0,0.0,
12/12/15 19:50:56,54.95,41.1125,55.175,55.4,0.0,0.0,
12/12/15 19:51:04,54.95,41.1125,55.2875,55.4,0.0,0.0,
12/12/15 19:51:12,54.95,41.225,55.2875,55.4,0.0,0.0,
12/12/15 19:51:20,54.95,41.225,55.2875,55.4,0.0,0.0,
12/12/15 19:51:28,54.95,41.3375,55.2875,55.4,0.0,0.0,
12/12/15 19:51:36,54.95,41.3375,55.2875,55.4,0.0,0.0,
12/12/15 19:51:44,54.95,41.3375,55.175,55.4,0.0,0.0,
12/12/15 19:51:52,54.95,41.45,55.2875,55.4,0.0,0.0,
12/12/15 19:52:00,54.95,41.45,55.2875,55.4,0.0,0.0,
12/12/15 19:52:08,55.0625,41.5625,55.2875,55.4,0.0,0.0,
12/12/15 19:52:16,54.95,41.5625,55.2875,55.4,0.0,0.0,
12/12/15 19:52:24,54.95,41.5625,55.2875,55.4,0.0,0.0,
12/12/15 19:52:32,54.95,41.675,55.2875,55.4,0.0,0.0,
12/12/15 19:52:40,55.0625,41.675,55.2875,55.4,0.0,0.0,
12/12/15 19:52:48,54.95,41.675,55.2875,55.4,0.0,0.0,
12/12/15 19:52:56,54.95,41.7875,55.2875,55.4,0.0,0.0,
12/12/15 19:53:04,54.95,41.7875,55.2875,55.4,0.0,0.0,
12/12/15 19:53:12,55.0625,41.9,55.2875,55.2875,0.0,0.0,
12/12/15 19:53:20,54.95,41.9,55.2875,55.4,0.0,0.0,
12/12/15 19:53:28,54.95,41.9,55.2875,55.4,0.0,0.0,
12/12/15 19:53:36,54.95,42.0125,55.175,55.4,0.0,0.0,
12/12/15 19:53:44,55.0625,42.0125,55.2875,55.4,0.0,0.0,
12/12/15 19:53:52,54.95,42.0125,55.2875,55.4,0.0,0.0,
12/12/15 19:54:00,55.0625,42.125,55.2875,55.2875,0.0,0.0,
12/12/15 19:54:08,55.0625,42.125,55.2875,55.4,0.0,0.0,
12/12/15 19:54:16,55.0625,42.125,55.2875,55.4,0.0,0.0,
12/12/15 19:54:24,55.0625,42.2375,55.2875,55.4,0.0,0.0,
12/12/15 19:54:32,55.0625,42.2375,55.2875,55.4,0.0,0.0,
12/12/15 19:54:40,55.0625,42.2375,55.2875,55.4,0.0,0.0,
12/12/15 19:54:48,55.0625,42.35,55.2875,55.4,0.0,0.0,
12/12/15 19:54:56,55.0625,42.35,55.2875,55.4,0.0,0.0,
12/12/15 19:55:04,55.0625,42.35,55.175,55.4,0.0,0.0,
12/12/15 19:55:12,55.0625,42.4625,55.175,55.4,0.0,0.0,
12/12/15 19:55:20,54.95,42.4625,55.2875,55.4,0.0,0.0,
12/12/15 19:55:28,54.95,42.575,55.2875,55.4,0.0,0.0,
12/12/15 19:55:36,55.0625,42.575,55.2875,55.4,0.0,0.0,
12/12/15 19:55:44,55.0625,42.575,55.2875,55.4,0.0,0.0,
12/12/15 19:55:52,55.0625,42.575,55.2875,55.4,0.0,0.0,
12/12/15 19:56:00,55.0625,42.6875,55.2875,55.4,0.0,0.0,
12/12/15 19:56:08,55.0625,42.575,55.2875,55.4,0.0,0.0,
12/12/15 19:56:16,55.175,42.0125,55.2875,55.4,0.0,0.0,
12/12/15 19:56:23,55.2875,41.5625,55.2875,55.4,0.0,0.0,
12/12/15 19:56:31,55.2875,40.775,55.2875,55.4,0.0,0.0,
12/12/15 19:56:39,55.4,40.1,55.2875,55.5125,0.0,0.0,
12/12/15 19:56:47,55.4,39.5375,55.4,55.5125,0.0,0.0,
12/12/15 19:56:55,55.4,38.975,55.4,55.5125,0.0,0.0,
12/12/15 19:57:03,55.5125,38.4125,55.5125,55.625,0.0,0.0,
12/12/15 19:57:11,55.5125,38.1875,55.625,55.625,0.0,0.0,
12/12/15 19:57:19,55.5125,37.85,55.625,55.7375,0.0,0.0,
12/12/15 19:57:27,55.5125,37.175,55.7375,55.85,0.0,0.0,
12/12/15 19:57:35,55.625,36.6125,55.7375,55.85,0.0,0.0,
12/12/15 19:57:43,55.5125,36.1625,55.7375,55.9625,0.0,0.0,
12/12/15 19:57:51,55.625,35.6,55.85,55.9625,0.0,0.0,
12/12/15 19:57:59,55.5125,35.15,55.85,55.9625,0.0,0.0,
12/12/15 19:58:07,55.625,34.7,55.9625,56.075,0.0,0.0,
12/12/15 19:58:15,55.5125,34.25,55.9625,56.075,0.0,0.0,
12/12/15 19:58:23,55.5125,34.1375,56.075,56.1875,0.0,0.0,
12/12/15 19:58:31,55.5125,34.25,56.075,56.1875,0.0,0.0,
12/12/15 19:58:39,55.5125,34.5875,56.075,56.1875,0.0,0.0,
12/12/15 19:58:47,55.5125,34.925,56.1875,56.1875,0.0,0.0,
12/12/15 19:58:55,55.5125,35.15,56.1875,56.3,0.0,0.0,
12/12/15 19:59:03,55.5125,35.375,56.1875,56.3,0.0,0.0,
12/12/15 19:59:11,55.5125,35.7125,56.1875,56.3,0.0,0.0,
12/12/15 19:59:19,55.4,35.825,56.3,56.3,0.0,0.0,
12/12/15 19:59:27,55.4,36.05,56.3,56.4125,0.0,0.0,
12/12/15 19:59:35,55.4,36.275,56.3,56.3,0.0,0.0,
12/12/15 19:59:43,55.5125,36.5,56.3,56.4125,0.0,0.0,
12/12/15 19:59:51,55.4,36.6125,56.3,56.4125,0.0,0.0,
12/12/15 19:59:59,55.4,36.8375,56.3,56.4125,0.0,0.0,
12/12/15 20:00:07,55.4,36.95,56.3,56.4125,0.0,0.0,
12/12/15 20:00:15,55.4,37.175,56.4125,56.4125,0.0,0.0,
12/12/15 20:00:23,55.4,37.175,56.3,56.4125,0.0,0.0,
12/12/15 20:00:31,55.4,37.4,56.3,56.4125,0.0,0.0,
12/12/15 20:00:39,55.4,37.4,56.3,56.3,0.0,0.0,
12/12/15 20:00:47,55.4,37.625,56.3,56.3,0.0,0.0,
12/12/15 20:00:55,55.4,37.7375,56.3,56.3,0.0,0.0,
12/12/15 20:01:03,55.4,37.9625,56.3,56.3,0.0,0.0,
12/12/15 20:01:11,55.4,38.75,56.1875,56.3,0.0,0.0,
12/12/15 20:01:19,55.4,38.975,56.1875,56.3,0.0,0.0,
12/12/15 20:01:27,55.4,39.0875,56.3,56.3,0.0,0.0,
12/12/15 20:01:35,55.4,39.2,56.1875,56.3,0.0,0.0,
12/12/15 20:01:43,55.4,39.0875,56.1875,56.3,0.0,0.0,
12/12/15 20:01:51,55.4,39.0875,56.1875,56.3,0.0,0.0,
12/12/15 20:01:59,55.4,39.0875,56.1875,56.3,0.0,0.0,
12/12/15 20:02:07,55.4,39.0875,56.1875,56.3,0.0,0.0,
12/12/15 20:02:15,55.4,39.0875,56.1875,56.1875,0.0,0.0,
12/12/15 20:02:23,55.4,39.0875,56.1875,56.1875,0.0,0.0,
12/12/15 20:02:30,55.4,39.0875,56.1875,56.1875,0.0,0.0,
12/12/15 20:02:38,55.4,39.0875,56.075,56.1875,0.0,0.0,
12/12/15 20:02:46,55.4,39.0875,56.075,56.075,0.0,0.0,
12/12/15 20:02:54,55.4,39.0875,56.075,56.075,0.0,0.0,
12/12/15 20:03:02,55.4,39.0875,56.075,56.075,0.0,0.0,
12/12/15 20:03:10,55.4,39.0875,56.075,56.075,0.0,0.0,
12/12/15 20:03:18,55.4,39.0875,55.9625,56.075,0.0,0.0,
12/12/15 20:03:26,55.4,39.2,55.9625,56.075,0.0,0.0,
12/12/15 20:03:34,55.4,39.2,55.9625,55.9625,0.0,0.0,
12/12/15 20:03:42,55.4,39.2,55.9625,55.9625,0.0,0.0,
12/12/15 20:03:50,55.4,39.2,55.9625,55.9625,0.0,0.0,
12/12/15 20:03:58,55.4,39.3125,55.9625,55.9625,0.0,0.0,
12/12/15 20:04:06,55.4,39.2,55.9625,55.9625,0.0,0.0,
12/12/15 20:04:14,55.4,39.2,55.9625,55.9625,0.0,0.0,
12/12/15 20:04:22,55.4,39.3125,55.85,55.85,0.0,0.0,
12/12/15 20:04:30,55.4,39.3125,55.85,55.85,0.0,0.0,
12/12/15 20:04:38,55.4,39.3125,55.85,55.85,0.0,0.0,
12/12/15 20:04:46,55.4,39.3125,55.85,55.85,0.0,0.0,
12/12/15 20:04:54,55.4,39.3125,55.85,55.85,0.0,0.0,
12/12/15 20:05:02,55.4,39.3125,55.85,55.85,0.0,0.0,
12/12/15 20:05:10,55.4,39.425,55.85,55.85,0.0,0.0,
12/12/15 20:05:18,55.4,39.425,55.85,55.85,0.0,0.0,
12/12/15 20:05:26,55.4,39.425,55.7375,55.7375,0.0,0.0,
12/12/15 20:05:34,55.4,39.5375,55.7375,55.7375,0.0,0.0,
12/12/15 20:05:42,55.4,39.5375,55.7375,55.7375,0.0,0.0,
12/12/15 20:05:50,55.4,39.5375,55.7375,55.7375,0.0,0.0,
12/12/15 20:05:58,55.4,39.5375,55.85,55.7375,0.0,0.0,
12/12/15 20:06:06,55.4,39.5375,55.7375,55.7375,0.0,0.0,
12/12/15 20:06:14,55.4,39.65,55.7375,55.7375,0.0,0.0,
12/12/15 20:06:22,55.4,39.5375,55.625,55.7375,0.0,0.0,
12/12/15 20:06:30,55.2875,39.65,55.625,55.7375,0.0,0.0,
12/12/15 20:06:38,55.4,39.65,55.625,55.625,0.0,0.0,
12/12/15 20:06:46,55.4,39.65,55.625,55.7375,0.0,0.0,
12/12/15 20:06:54,55.4,39.7625,55.625,55.625,0.0,0.0,
12/12/15 20:07:02,55.4,39.7625,55.625,55.625,0.0,0.0,
12/12/15 20:07:10,55.4,39.875,55.625,55.625,0.0,0.0,
12/12/15 20:07:18,55.4,39.875,55.625,55.625,0.0,0.0,
12/12/15 20:07:26,55.4,39.875,55.625,55.625,0.0,0.0,
12/12/15 20:07:34,55.4,39.875,55.625,55.625,0.0,0.0,
12/12/15 20:07:42,55.4,39.875,55.625,55.625,0.0,0.0,
12/12/15 20:07:50,55.4,39.9875,55.5125,55.625,0.0,0.0,
12/12/15 20:07:58,55.4,39.9875,55.5125,55.625,0.0,0.0,
12/12/15 20:08:06,55.4,39.9875,55.5125,55.5125,0.0,0.0,
12/12/15 20:08:13,55.4,39.9875,55.5125,55.5125,0.0,0.0,
12/12/15 20:08:21,55.4,39.9875,55.5125,55.5125,0.0,0.0,
12/12/15 20:08:29,55.4,39.9875,55.5125,55.5125,0.0,0.0,
12/12/15 20:08:37,55.4,39.9875,55.5125,55.5125,0.0,0.0,
12/12/15 20:08:45,55.2875,40.1,55.5125,55.5125,0.0,0.0,
12/12/15 20:08:53,55.4,40.1,55.5125,55.5125,0.0,0.0,
12/12/15 20:09:01,55.4,40.1,55.5125,55.5125,0.0,0.0,
12/12/15 20:09:09,55.4,40.1,55.5125,55.5125,0.0,0.0,
12/12/15 20:09:17,55.2875,40.1,55.5125,55.5125,0.0,0.0,
12/12/15 20:09:25,55.4,40.1,55.4,55.5125,0.0,0.0,
12/12/15 20:09:33,55.4,40.1,55.4,55.5125,0.0,0.0,
12/12/15 20:09:41,55.4,40.1,55.4,55.5125,0.0,0.0,
12/12/15 20:09:49,55.4,40.1,55.4,55.4,0.0,0.0,
12/12/15 20:09:57,55.4,40.1,55.4,55.5125,0.0,0.0,
12/12/15 20:10:05,55.4,40.1,55.4,55.4,0.0,0.0,
12/12/15 20:10:13,55.4,40.1,55.4,55.4,0.0,0.0,
12/12/15 20:10:21,55.4,40.1,55.5125,55.5125,0.0,0.0,
12/12/15 20:10:29,55.625,40.2125,55.7375,55.7375,0.0,0.0,
12/12/15 20:10:37,55.7375,40.55,55.9625,55.9625,0.0,0.0,
12/12/15 20:10:45,55.85,41.5625,56.075,56.075,0.0,0.0,
12/12/15 20:10:53,55.9625,42.0125,56.1875,56.1875,0.0,0.0,
12/12/15 20:11:01,55.9625,42.125,56.3,56.3,0.0,0.0,
12/12/15 20:11:09,55.9625,42.0125,56.3,56.3,0.0,0.0,
12/12/15 20:11:17,55.9625,41.9,56.3,56.3,0.0,0.0,
12/12/15 20:11:25,55.9625,41.9,56.3,56.3,0.0,0.0,
12/12/15 20:11:33,55.85,41.7875,56.3,56.1875,0.0,0.0,
12/12/15 20:11:41,55.85,41.675,56.3,56.1875,0.0,0.0,
12/12/15 20:11:49,55.85,41.675,56.1875,56.1875,0.0,0.0,
12/12/15 20:11:57,55.85,41.5625,56.075,56.1875,0.0,0.0,
12/12/15 20:12:05,55.85,41.5625,56.075,56.1875,0.0,0.0,
12/12/15 20:12:13,55.7375,41.5625,56.075,56.075,0.0,0.0,
12/12/15 20:12:21,55.7375,41.45,55.9625,56.075,0.0,0.0,
12/12/15 20:12:29,55.7375,41.45,55.9625,55.9625,0.0,0.0,
12/12/15 20:12:37,55.625,41.45,55.9625,55.9625,0.0,0.0,
12/12/15 20:12:45,55.625,41.3375,55.9625,55.9625,0.0,0.0,
12/12/15 20:12:53,55.7375,41.3375,55.9625,55.9625,0.0,0.0,
12/12/15 20:13:01,55.625,41.3375,55.85,55.85,0.0,0.0,
12/12/15 20:13:09,55.625,41.3375,55.85,55.85,0.0,0.0,
12/12/15 20:13:17,55.625,41.3375,55.85,55.85,0.0,0.0,
12/12/15 20:13:25,55.625,41.3375,55.85,55.85,0.0,0.0,
12/12/15 20:13:33,55.625,41.3375,55.7375,55.85,0.0,0.0,
12/12/15 20:13:41,55.625,41.225,55.7375,55.7375,0.0,0.0,
12/12/15 20:13:49,55.625,41.225,55.7375,55.7375,0.0,0.0,
12/12/15 20:13:57,55.625,41.225,55.7375,55.7375,0.0,0.0,
12/12/15 20:14:05,55.625,41.225,55.7375,55.7375,0.0,0.0,
12/12/15 20:14:13,55.625,41.225,55.625,55.625,0.0,0.0,
12/12/15 20:14:21,55.5125,41.225,55.625,55.7375,0.0,0.0,
12/12/15 20:14:29,55.625,41.225,55.625,55.625,0.0,0.0,
12/12/15 20:14:36,55.5125,41.225,55.625,55.625,0.0,0.0,
12/12/15 20:14:44,55.5125,41.225,55.5125,55.625,0.0,0.0,
12/12/15 20:14:52,55.5125,41.225,55.625,55.625,0.0,0.0,
12/12/15 20:15:00,55.5125,41.225,55.5125,55.625,0.0,0.0,
12/12/15 20:15:08,55.5125,41.3375,55.5125,55.5125,0.0,0.0,
12/12/15 20:15:16,55.5125,41.225,55.5125,55.5125,0.0,0.0,
12/12/15 20:15:24,55.625,41.3375,55.5125,55.5125,0.0,0.0,
12/12/15 20:15:32,55.5125,41.3375,55.5125,55.5125,0.0,0.0,
12/12/15 20:15:40,55.5125,41.3375,55.5125,55.5125,0.0,0.0,
12/12/15 20:15:48,55.5125,41.3375,55.5125,55.5125,0.0,0.0,
12/12/15 20:15:56,55.5125,41.3375,55.4,55.5125,0.0,0.0,
12/12/15 20:16:04,55.5125,41.3375,55.5125,55.5125,0.0,0.0,
12/12/15 20:16:12,55.5125,41.3375,55.4,55.5125,0.0,0.0,
12/12/15 20:16:20,55.5125,41.3375,55.4,55.5125,0.0,0.0,
12/12/15 20:16:28,55.5125,41.45,55.4,55.4,0.0,0.0,
12/12/15 20:16:36,55.5125,41.45,55.4,55.4,0.0,0.0,
12/12/15 20:16:44,55.5125,41.3375,55.4,55.4,0.0,0.0,
12/12/15 20:16:52,55.5125,41.3375,55.4,55.4,0.0,0.0,
12/12/15 20:17:00,55.5125,41.45,55.2875,55.4,0.0,0.0,
12/12/15 20:17:08,55.5125,41.45,55.2875,55.4,0.0,0.0,
12/12/15 20:17:16,55.5125,41.45,55.2875,55.4,0.0,0.0,
12/12/15 20:17:24,55.5125,41.3375,55.2875,55.4,0.0,0.0,
12/12/15 20:17:32,55.5125,41.3375,55.4,55.4,0.0,0.0,
12/12/15 20:17:40,55.5125,41.3375,55.2875,55.4,0.0,0.0,
12/12/15 20:17:48,55.5125,41.45,55.4,55.4,0.0,0.0,
12/12/15 20:17:56,55.5125,41.45,55.2875,55.2875,0.0,0.0,
12/12/15 20:18:04,55.5125,41.45,55.2875,55.2875,0.0,0.0,
12/12/15 20:18:12,55.5125,41.45,55.2875,55.2875,0.0,0.0,
12/12/15 20:18:20,55.5125,41.3375,55.2875,55.2875,0.0,0.0,
12/12/15 20:18:28,55.5125,41.3375,55.2875,55.2875,0.0,0.0,
12/12/15 20:18:36,55.5125,41.3375,55.2875,55.2875,0.0,0.0,
12/12/15 20:18:44,55.5125,41.45,55.2875,55.2875,0.0,0.0,
12/12/15 20:18:52,55.5125,41.45,55.2875,55.2875,0.0,0.0,
12/12/15 20:19:00,55.5125,41.45,55.2875,55.2875,0.0,0.0,
12/12/15 20:19:08,55.5125,41.45,55.2875,55.2875,0.0,0.0,
12/12/15 20:19:16,55.5125,41.45,55.2875,55.2875,0.0,0.0,
12/12/15 20:19:24,55.5125,41.5625,55.175,55.2875,0.0,0.0,
12/12/15 20:19:32,55.5125,41.5625,55.175,55.2875,0.0,0.0,
12/12/15 20:19:40,55.5125,41.5625,55.175,55.2875,0.0,0.0,
12/12/15 20:19:48,55.5125,41.5625,55.2875,55.2875,0.0,0.0,
12/12/15 20:19:56,55.5125,41.5625,55.2875,55.2875,0.0,0.0,
12/12/15 20:20:11,55.5125,41.5625,55.175,55.2875,0.0,0.0,
12/12/15 20:20:19,55.5125,41.5625,55.175,55.2875,0.0,0.0,
12/12/15 20:20:43,55.5125,41.675,55.2875,55.2875,0.0,0.0,
12/12/15 20:20:51,55.5125,41.5625,55.175,55.175,0.0,0.0,
12/12/15 20:21:07,55.5125,41.675,55.175,55.175,0.0,0.0,
12/12/15 20:21:15,55.5125,41.5625,55.175,55.2875,0.0,0.0,
12/12/15 20:44:23,55.175,40.775,54.1625,54.275,0.0,0.0,
12/12/15 20:44:31,55.175,40.775,54.05,54.1625,0.0,0.0,
12/12/15 20:44:47,55.0625,40.8875,54.1625,54.275,0.0,0.0,
12/12/15 20:44:55,55.175,40.8875,54.1625,54.275,0.0,0.0,
12/12/15 20:45:03,55.175,40.8875,54.1625,54.1625,0.0,0.0,
12/12/15 20:45:27,55.175,40.8875,54.1625,54.275,0.0,0.0,
12/12/15 20:45:35,55.175,40.8875,54.1625,54.275,0.0,0.0,
12/12/15 20:45:59,55.175,41.0,54.1625,54.275,0.0,0.0,
12/12/15 20:46:07,55.175,41.0,54.1625,54.275,0.0,0.0,
12/12/15 20:46:39,55.175,41.1125,54.1625,54.275,0.0,0.0,
12/12/15 20:47:11,55.175,41.1125,54.1625,54.275,0.0,0.0,
01/03/16 14:26:06,54.5,40.775,0.0,54.1625,0.0,0.0,
01/03/16 14:26:14,54.5,40.325,0.0,54.1625,0.0,0.0,
01/03/16 14:26:22,54.5,40.1,0.0,54.1625,0.0,0.0,
01/03/16 14:26:30,54.6125,39.7625,67.325,54.725,0.0,0.0,
01/03/16 14:26:38,54.725,39.5375,63.6125,55.0625,0.0,0.0,
01/03/16 14:26:46,54.95,39.3125,0.0,55.4,0.0,0.0,
01/03/16 14:26:53,55.175,39.0875,0.0,55.85,0.0,0.0,
01/03/16 14:27:01,55.2875,38.8625,185.0,56.4125,0.0,0.0,
01/03/16 14:27:09,55.5125,38.75,185.0,56.75,0.0,0.0,
01/03/16 14:27:17,55.7375,38.525,185.0,57.0875,0.0,0.0,
01/03/16 14:27:25,55.85,38.3,185.0,57.425,0.0,0.0,
01/03/16 14:27:33,55.9625,38.1875,185.0,57.65,0.0,0.0,
01/03/16 14:27:41,55.9625,37.9625,185.0,57.875,0.0,0.0,
01/03/16 14:27:49,56.1875,37.7375,185.0,58.1,0.0,0.0,
01/03/16 14:27:57,56.3,37.625,185.0,58.2125,0.0,0.0,
01/03/16 14:28:05,56.4125,37.5125,185.0,57.9875,0.0,0.0,
01/03/16 14:28:13,56.3,37.2875,185.0,57.875,0.0,0.0,
01/03/16 14:28:21,56.1875,37.0625,185.0,57.65,0.0,0.0,
01/03/16 14:28:29,56.1875,36.8375,185.0,57.425,0.0,0.0,
01/03/16 14:28:37,56.075,36.725,185.0,57.2,0.0,0.0,
01/03/16 14:28:45,55.85,36.6125,185.0,56.975,0.0,0.0,
01/03/16 14:28:53,55.7375,36.3875,185.0,56.75,0.0,0.0,
01/03/16 14:29:01,55.7375,36.275,185.0,56.525,0.0,0.0,
01/03/16 14:29:09,55.625,36.05,185.0,56.3,0.0,0.0,
01/03/16 14:29:17,55.5125,35.9375,185.0,56.1875,0.0,0.0,
01/03/16 14:29:25,55.5125,35.7125,185.0,55.9625,0.0,0.0,
01/03/16 14:29:33,55.4,35.6,185.0,55.7375,0.0,0.0,
01/03/16 14:29:41,55.4,35.375,185.0,55.5125,0.0,0.0,
01/03/16 14:29:49,55.2875,35.2625,185.0,55.4,0.0,0.0,
01/03/16 14:29:57,55.2875,35.15,185.0,55.175,0.0,0.0,
01/03/16 14:30:05,55.175,35.15,185.0,55.0625,0.0,0.0,
01/03/16 14:30:13,55.175,35.375,185.0,54.95,0.0,0.0,
01/03/16 14:30:21,55.0625,35.6,185.0,54.8375,0.0,0.0,
01/03/16 14:30:29,55.0625,35.9375,185.0,54.725,0.0,0.0,
01/03/16 14:30:37,55.0625,36.1625,185.0,54.725,0.0,0.0,
01/03/16 14:30:45,55.0625,36.5,185.0,54.6125,0.0,0.0,
01/03/16 14:30:53,54.95,36.725,185.0,54.5,0.0,0.0,
01/03/16 14:31:01,54.95,36.95,185.0,54.5,0.0,0.0,
01/03/16 14:31:09,54.95,37.175,185.0,54.5,0.0,0.0,
01/03/16 14:31:17,54.95,37.4,185.0,54.5,0.0,0.0,
01/03/16 14:31:25,54.95,37.625,185.0,54.3875,0.0,0.0,
01/03/16 14:31:33,54.95,37.85,185.0,54.3875,0.0,0.0,
01/03/16 14:31:41,54.95,38.075,185.0,54.3875,0.0,0.0,
01/03/16 14:31:49,54.8375,38.3,185.0,54.3875,0.0,0.0,
01/03/16 14:31:57,54.95,38.4125,185.0,54.5,0.0,0.0,
01/03/16 14:32:05,55.2875,38.525,185.0,54.8375,0.0,0.0,
01/03/16 14:32:12,55.4,38.75,185.0,55.175,0.0,0.0,
01/03/16 14:32:20,55.625,38.8625,0.0,55.5125,0.0,0.0,
01/03/16 14:32:28,55.85,39.0875,0.0,55.9625,0.0,0.0,
01/03/16 14:32:36,55.9625,39.2,185.0,56.3,0.0,0.0,
01/03/16 14:32:44,56.1875,39.425,65.4125,56.525,0.0,0.0,
01/03/16 14:32:52,56.3,39.5375,64.175,56.75,0.0,0.0,
01/03/16 14:33:00,56.3,39.65,63.275,56.8625,0.0,0.0,
01/03/16 14:33:08,56.3,39.7625,62.4875,56.8625,0.0,0.0,
01/03/16 14:33:16,56.1875,39.875,61.8125,56.75,0.0,0.0,
01/03/16 14:33:24,56.1875,39.9875,61.1375,56.75,0.0,0.0,
01/03/16 14:33:32,56.075,40.1,60.6875,56.6375,0.0,0.0,
01/03/16 14:33:40,56.075,40.2125,60.125,56.525,0.0,0.0,
01/03/16 14:33:48,55.9625,40.2125,59.7875,56.525,0.0,0.0,
01/03/16 14:33:56,55.85,40.325,59.45,56.4125,0.0,0.0,
01/03/16 14:34:04,55.85,40.325,59.225,56.3,0.0,0.0,
01/03/16 14:34:12,55.7375,40.55,59.0,56.1875,0.0,0.0,
01/03/16 14:34:20,55.7375,40.55,58.775,56.075,0.0,0.0,
01/03/16 14:34:28,55.7375,40.6625,58.55,55.9625,0.0,0.0,
01/03/16 14:34:36,55.625,40.775,58.4375,55.9625,0.0,0.0,
01/03/16 14:34:44,55.625,40.775,58.325,55.9625,0.0,0.0,
01/03/16 14:34:52,55.625,40.8875,58.2125,55.85,0.0,0.0,
01/03/16 14:35:00,55.5125,41.0,58.1,55.85,0.0,0.0,
01/03/16 14:35:08,55.625,41.0,57.9875,55.7375,0.0,0.0,
01/03/16 14:35:16,55.5125,41.0,57.9875,55.7375,0.0,0.0,
01/03/16 14:35:24,55.5125,41.1125,57.875,55.625,0.0,0.0,
01/03/16 14:35:32,55.5125,41.225,57.7625,55.625,0.0,0.0,
01/03/16 14:35:40,55.5125,41.225,57.7625,55.625,0.0,0.0,
01/03/16 14:35:48,55.5125,41.225,57.7625,55.5125,0.0,0.0,
01/03/16 14:35:56,55.4,41.3375,57.65,55.5125,0.0,0.0,
01/03/16 14:36:04,55.4,41.3375,57.65,55.5125,0.0,0.0,
01/03/16 14:36:12,55.4,41.45,57.65,55.4,0.0,0.0,
01/03/16 14:36:20,55.4,41.45,57.65,55.4,0.0,0.0,
01/03/16 14:36:28,55.4,41.5625,57.65,55.4,0.0,0.0,
01/03/16 14:36:36,55.4,41.5625,57.65,55.4,0.0,0.0,
01/03/16 14:36:44,55.4,41.5625,57.65,55.4,0.0,0.0,
01/03/16 14:36:52,55.2875,41.5625,57.5375,55.2875,0.0,0.0,
01/03/16 14:37:00,55.4,41.675,57.5375,55.2875,0.0,0.0,
01/03/16 14:37:08,55.4,41.675,57.65,55.2875,0.0,0.0,
01/03/16 14:37:16,55.2875,41.675,57.65,55.2875,0.0,0.0,
01/03/16 14:37:24,55.2875,41.7875,57.5375,55.2875,0.0,0.0,
01/03/16 14:37:31,55.2875,41.9,57.65,55.175,0.0,0.0,
01/03/16 14:37:39,55.2875,41.9,57.65,55.175,0.0,0.0,
01/03/16 14:37:47,55.2875,41.9,57.65,55.175,0.0,0.0,
01/03/16 16:40:29,54.5,41.9,57.0875,53.4875,0.0,0.0,
01/03/16 16:40:37,54.5,41.9,57.2,53.4875,0.0,0.0,
01/03/16 16:40:45,54.5,42.0125,57.2,53.4875,0.0,0.0,
01/03/16 16:40:53,54.5,42.0125,57.2,53.6,0.0,0.0,
01/03/16 16:41:25,54.6125,42.125,57.2,53.6,0.0,0.0,
01/03/16 16:41:33,54.5,42.2375,57.2,53.6,0.0,0.0,
01/03/16 16:41:41,54.6125,42.2375,57.0875,53.6,0.0,0.0,
01/03/16 16:41:49,54.6125,42.2375,57.2,53.6,0.0,0.0,
01/03/16 16:41:57,54.5,42.2375,57.2,53.7125,0.0,0.0,
01/03/16 16:42:05,54.6125,42.35,57.2,53.7125,0.0,0.0,
01/03/16 16:42:13,54.6125,42.35,57.2,53.7125,0.0,0.0,
01/03/16 16:42:21,54.6125,42.35,57.2,53.7125,0.0,0.0,
01/03/16 16:42:29,54.6125,42.35,57.3125,53.7125,0.0,0.0,
01/03/16 16:42:37,54.6125,42.4625,57.2,53.7125,0.0,0.0,
01/03/16 16:42:45,54.6125,42.4625,57.2,53.7125,0.0,0.0,
01/03/16 16:42:53,54.5,42.4625,57.2,53.7125,0.0,0.0,
01/03/16 16:43:01,54.6125,42.575,57.2,53.7125,0.0,0.0,
01/03/16 16:43:09,54.6125,42.575,57.2,53.825,0.0,0.0,
01/03/16 16:43:17,54.6125,42.6875,57.2,53.825,0.0,0.0,
01/03/16 16:43:25,54.6125,42.35,57.2,53.825,0.0,0.0,
01/03/16 16:43:33,54.6125,41.9,57.2,53.7125,0.0,0.0,
01/03/16 16:43:40,54.6125,41.3375,57.2,53.7125,0.0,0.0,
01/03/16 16:43:48,54.6125,40.775,57.2,53.7125,0.0,0.0,
01/03/16 16:43:56,54.5,40.325,57.2,53.6,0.0,0.0,
01/03/16 16:44:04,54.6125,39.9875,57.2,53.6,0.0,0.0,
01/03/16 16:44:12,54.6125,39.7625,57.2,53.4875,0.0,0.0,
01/03/16 16:44:28,54.5,39.2,57.0875,53.375,0.0,0.0,
01/03/16 16:44:36,54.6125,39.0875,57.0875,53.375,0.0,0.0,
01/03/16 16:44:44,54.5,38.8625,56.975,53.375,0.0,0.0,
01/03/16 16:44:52,54.5,38.6375,56.975,53.2625,0.0,0.0,
01/03/16 16:45:00,54.5,38.4125,56.975,53.2625,0.0,0.0,
01/03/16 16:45:08,54.5,38.3,56.8625,53.15,0.0,0.0,
01/03/16 16:45:16,54.5,38.075,56.8625,53.15,0.0,0.0,
01/03/16 16:45:24,54.5,37.85,56.8625,53.15,0.0,0.0,
01/03/16 16:45:32,54.5,37.625,56.8625,53.0375,0.0,0.0,
01/03/16 16:45:40,54.5,37.5125,56.75,53.0375,0.0,0.0,
01/03/16 16:45:48,54.5,37.2875,56.8625,52.925,0.0,0.0,
01/03/16 16:45:56,54.3875,37.0625,56.75,52.925,0.0,0.0,
01/03/16 16:46:04,54.3875,36.95,56.75,52.925,0.0,0.0,
01/03/16 16:46:12,54.3875,36.725,56.75,52.8125,0.0,0.0,
01/03/16 16:46:20,54.3875,36.725,56.75,52.8125,0.0,0.0,
01/03/16 16:46:28,54.3875,36.5,56.75,52.8125,0.0,0.0,
01/03/16 16:46:36,54.3875,36.275,56.75,52.7,0.0,0.0,
01/03/16 16:46:44,54.3875,36.1625,56.75,52.7,0.0,0.0,
01/03/16 16:46:52,54.3875,35.9375,56.6375,52.5875,0.0,0.0,
01/03/16 16:47:00,54.275,35.825,56.6375,52.5875,0.0,0.0,
01/03/16 16:47:08,54.3875,35.6,56.6375,52.5875,0.0,0.0,
01/03/16 16:47:16,54.275,35.375,56.525,52.475,0.0,0.0,
01/03/16 16:47:24,54.275,35.2625,56.525,52.475,0.0,0.0,
01/03/16 16:47:32,54.275,35.15,56.525,52.475,0.0,0.0,
01/03/16 16:47:40,54.275,34.925,56.525,52.3625,0.0,0.0,
01/03/16 16:47:48,54.3875,34.8125,56.525,52.3625,0.0,0.0,
01/03/16 16:47:56,54.275,34.8125,56.525,52.3625,0.0,0.0,
01/03/16 16:48:12,54.275,35.2625,56.525,52.25,0.0,0.0,
01/03/16 16:48:20,54.275,35.6,56.525,52.25,0.0,0.0,
01/03/16 16:48:28,54.275,35.9375,56.525,52.25,0.0,0.0,
01/03/16 16:48:36,54.275,36.1625,56.525,52.25,0.0,0.0,
01/03/16 16:48:44,54.275,36.5,56.525,52.25,0.0,0.0,
01/03/16 16:48:51,54.275,36.725,56.525,52.25,0.0,0.0,
01/03/16 16:49:00,54.275,36.95,56.525,52.3625,0.0,0.0,
01/03/16 16:49:07,54.275,37.175,56.525,52.3625,0.0,0.0,
01/03/16 16:49:15,54.275,37.4,56.6375,52.3625,0.0,0.0,
01/03/16 16:49:23,54.275,37.625,56.6375,52.475,0.0,0.0,
01/03/16 16:49:31,54.275,37.7375,56.6375,52.475,0.0,0.0,
01/03/16 16:49:39,54.275,37.9625,56.6375,52.475,0.0,0.0,
01/03/16 16:49:47,54.275,38.1875,56.75,52.475,0.0,0.0,
01/03/16 16:49:55,54.275,38.1875,56.6375,52.475,0.0,0.0,
01/03/16 16:50:03,54.275,38.4125,56.6375,52.5875,0.0,0.0,
01/03/16 16:50:11,54.275,38.525,56.6375,52.5875,0.0,0.0,
01/03/16 16:50:19,54.275,38.6375,56.6375,52.5875,0.0,0.0,
01/03/16 16:50:27,54.275,38.75,56.75,52.5875,0.0,0.0,
01/03/16 16:50:35,54.275,38.8625,56.75,52.7,0.0,0.0,
01/03/16 16:50:43,54.3875,38.975,56.8625,52.7,0.0,0.0,
01/03/16 16:50:51,54.3875,39.0875,56.8625,52.7,0.0,0.0,
01/03/16 16:50:59,54.275,39.2,56.75,52.7,0.0,0.0,
01/03/16 16:51:07,54.3875,39.3125,56.75,52.7,0.0,0.0,
01/03/16 16:51:15,54.275,39.425,56.75,52.8125,0.0,0.0,
01/03/16 16:51:23,54.275,39.5375,56.75,52.8125,0.0,0.0,
01/03/16 16:51:31,54.3875,39.5375,56.75,52.8125,0.0,0.0,
01/03/16 16:51:39,54.3875,39.65,56.8625,52.925,0.0,0.0,
01/03/16 16:51:47,54.3875,39.7625,56.8625,52.925,0.0,0.0,
01/03/16 16:51:55,54.3875,39.875,56.8625,52.925,0.0,0.0,
01/03/16 16:52:03,54.275,39.9875,56.8625,52.925,0.0,0.0,
01/03/16 16:52:11,54.275,39.9875,56.8625,52.925,0.0,0.0,
01/03/16 16:52:19,54.3875,40.1,56.8625,52.925,0.0,0.0,
01/03/16 16:52:27,54.3875,40.2125,56.8625,52.925,0.0,0.0,
01/03/16 16:52:35,54.3875,40.2125,56.8625,53.0375,0.0,0.0,
01/03/16 16:52:43,54.3875,40.325,56.8625,53.0375,0.0,0.0,
01/03/16 16:52:51,54.3875,40.4375,56.8625,53.0375,0.0,0.0,
01/03/16 16:52:59,54.3875,40.4375,56.8625,53.0375,0.0,0.0,
01/03/16 16:53:07,54.3875,40.55,56.975,53.0375,0.0,0.0,
01/03/16 16:53:15,54.3875,40.55,56.8625,53.0375,0.0,0.0,
01/03/16 16:53:23,54.3875,40.6625,56.8625,53.15,0.0,0.0,
01/03/16 16:53:31,54.3875,40.775,56.975,53.15,0.0,0.0,
01/03/16 16:53:39,54.3875,40.775,56.975,53.15,0.0,0.0,
01/03/16 16:53:47,54.3875,40.8875,56.975,53.15,0.0,0.0,
01/03/16 16:53:55,54.3875,40.8875,56.975,53.15,0.0,0.0,
01/03/16 16:54:03,54.3875,40.8875,57.0875,53.2625,0.0,0.0,
01/03/16 16:54:11,54.3875,40.8875,56.975,53.2625,0.0,0.0,
01/03/16 16:54:19,54.3875,41.0,56.975,53.15,0.0,0.0,
01/03/16 16:54:27,54.3875,41.0,56.975,53.2625,0.0,0.0,
01/03/16 16:54:34,54.3875,41.1125,57.0875,53.2625,0.0,0.0,
01/03/16 16:54:42,54.3875,41.225,56.975,53.2625,0.0,0.0,
01/03/16 16:54:50,54.3875,41.225,56.975,53.2625,0.0,0.0,
01/03/16 16:54:58,54.5,41.225,56.975,53.2625,0.0,0.0,
01/03/16 16:55:06,54.3875,41.3375,56.975,53.2625,0.0,0.0,
01/03/16 16:55:14,54.3875,41.3375,57.0875,53.2625,0.0,0.0,
01/03/16 16:55:22,54.3875,41.3375,57.0875,53.2625,0.0,0.0,
01/03/16 16:55:30,54.3875,41.45,56.975,53.375,0.0,0.0,
01/03/16 16:55:38,54.5,41.5625,57.0875,53.375,0.0,0.0,
01/03/16 16:55:46,54.3875,41.5625,56.975,53.375,0.0,0.0,
01/03/16 16:55:54,54.5,41.5625,56.975,53.375,0.0,0.0,
01/03/16 16:56:02,54.5,41.675,57.0875,53.375,0.0,0.0,
01/03/16 16:56:10,54.5,41.675,57.0875,53.375,0.0,0.0,
01/03/16 16:56:18,54.5,41.7875,57.0875,53.375,0.0,0.0,
01/03/16 16:56:26,54.5,41.7875,57.0875,53.375,0.0,0.0,
01/03/16 16:56:34,54.5,41.9,57.0875,53.375,0.0,0.0,
01/03/16 16:56:42,54.5,41.9,57.0875,53.375,0.0,0.0,
01/03/16 16:56:50,54.5,41.9,57.0875,53.4875,0.0,0.0,
01/03/16 16:56:58,54.5,42.0125,57.0875,53.4875,0.0,0.0,
01/03/16 16:57:06,54.5,42.0125,57.0875,53.4875,0.0,0.0,
01/03/16 16:57:14,54.5,42.0125,57.0875,53.4875,0.0,0.0,
01/03/16 16:57:22,54.5,42.125,57.0875,53.4875,0.0,0.0,
01/03/16 16:57:30,54.5,42.125,57.0875,53.4875,0.0,0.0,
01/03/16 16:57:38,54.5,42.125,57.0875,53.4875,0.0,0.0,
01/03/16 16:57:46,54.5,42.2375,57.2,53.4875,0.0,0.0,
01/03/16 16:57:54,54.5,42.2375,57.2,53.6,0.0,0.0,
01/03/16 16:58:02,54.5,42.2375,57.2,53.6,0.0,0.0,
01/03/16 16:58:10,54.5,42.35,57.2,53.6,0.0,0.0,
01/03/16 16:58:18,54.5,42.4625,57.2,53.6,0.0,0.0,
01/03/16 16:58:26,54.5,42.4625,57.2,53.6,0.0,0.0,
01/03/16 16:58:34,54.5,42.4625,57.2,53.6,0.0,0.0,
01/03/16 16:58:42,54.5,42.4625,57.2,53.6,0.0,0.0,
01/03/16 16:58:50,54.5,42.4625,57.2,53.6,0.0,0.0,
01/03/16 16:58:58,54.5,42.575,57.2,53.6,0.0,0.0,
01/03/16 16:59:06,54.5,42.575,57.2,53.7125,0.0,0.0,
01/03/16 16:59:14,54.5,42.35,57.2,53.7125,0.0,0.0,
01/03/16 16:59:22,54.5,41.7875,57.2,53.6,0.0,0.0,
01/03/16 16:59:30,54.5,41.225,57.0875,53.6,0.0,0.0,
01/03/16 16:59:37,54.6125,40.6625,57.0875,53.6,0.0,0.0,
01/03/16 16:59:45,54.5,40.325,57.0875,53.6,0.0,0.0,
01/03/16 16:59:53,54.5,39.875,57.0875,53.6,0.0,0.0,
01/03/16 17:00:01,54.5,39.65,56.975,53.4875,0.0,0.0,
01/03/16 17:00:09,54.5,39.3125,56.975,53.375,0.0,0.0,
01/03/16 17:00:17,54.5,39.0875,56.975,53.375,0.0,0.0,
01/03/16 17:00:25,54.3875,38.8625,57.0875,53.375,0.0,0.0,
01/03/16 17:00:33,54.5,38.6375,56.975,53.2625,0.0,0.0,
01/03/16 17:00:41,54.5,38.4125,56.8625,53.2625,0.0,0.0,
01/03/16 17:00:49,54.3875,38.1875,56.8625,53.15,0.0,0.0,
01/03/16 17:00:57,54.3875,37.9625,56.8625,53.15,0.0,0.0,
01/03/16 17:01:05,54.3875,37.625,56.8625,53.0375,0.0,0.0,
01/03/16 17:01:13,54.3875,37.5125,56.8625,53.0375,0.0,0.0,
01/03/16 17:01:21,54.3875,37.2875,56.8625,52.925,0.0,0.0,
01/03/16 17:01:29,54.3875,37.0625,56.8625,52.925,0.0,0.0,
01/03/16 17:01:37,54.3875,36.8375,56.8625,52.8125,0.0,0.0,
01/03/16 17:01:45,54.3875,36.6125,56.75,52.8125,0.0,0.0,
01/03/16 17:01:53,54.3875,36.3875,56.75,52.7,0.0,0.0,
01/03/16 17:02:01,54.3875,36.275,56.6375,52.7,0.0,0.0,
01/03/16 17:02:09,54.3875,36.05,56.6375,52.7,0.0,0.0,
01/03/16 17:02:17,54.275,35.825,56.6375,52.5875,0.0,0.0,
01/03/16 17:02:25,54.275,35.6,56.6375,52.5875,0.0,0.0,
01/03/16 17:02:33,54.275,35.4875,56.525,52.475,0.0,0.0,
01/03/16 17:02:41,54.275,35.2625,56.6375,52.475,0.0,0.0,
01/03/16 17:02:49,54.275,35.0375,56.525,52.475,0.0,0.0,
